0 info it worked if it ends with ok
1 verbose cli [ 'c:\\Program Files\\nodejs\\node.exe',
1 verbose cli   'c:\\Program Files\\nodejs\\node_modules\\npm\\bin\\npm-cli.js',
1 verbose cli   'install',
1 verbose cli   'babel-es6-polyfill',
1 verbose cli   '--save' ]
2 info using npm@2.11.2
3 info using node@v0.12.5
4 verbose install initial load of c:\Users\Terrell\projects\twitch-viewer\package.json
5 verbose installManyTop reading scoped package data from c:\Users\Terrell\projects\twitch-viewer\node_modules\grunt\package.json
6 verbose installManyTop reading scoped package data from c:\Users\Terrell\projects\twitch-viewer\node_modules\grunt-babel\package.json
7 verbose installManyTop reading scoped package data from c:\Users\Terrell\projects\twitch-viewer\node_modules\grunt-browser-sync\package.json
8 verbose installManyTop reading scoped package data from c:\Users\Terrell\projects\twitch-viewer\node_modules\grunt-contrib-sass\package.json
9 verbose installManyTop reading scoped package data from c:\Users\Terrell\projects\twitch-viewer\node_modules\grunt-contrib-watch\package.json
10 info package.json grunt@0.4.5 No license field.
11 info package.json grunt-browser-sync@2.1.3 No license field.
12 info package.json grunt-contrib-sass@0.9.2 No license field.
13 info package.json grunt-contrib-watch@0.6.1 No license field.
14 verbose readDependencies loading dependencies from c:\Users\Terrell\projects\twitch-viewer\package.json
15 silly cache add args [ 'babel-es6-polyfill', null ]
16 verbose cache add spec babel-es6-polyfill
17 silly cache add parsed spec { raw: 'babel-es6-polyfill',
17 silly cache add   scope: null,
17 silly cache add   name: 'babel-es6-polyfill',
17 silly cache add   rawSpec: '',
17 silly cache add   spec: '*',
17 silly cache add   type: 'range' }
18 silly addNamed babel-es6-polyfill@*
19 verbose addNamed "*" is a valid semver range for babel-es6-polyfill
20 silly addNameRange { name: 'babel-es6-polyfill', range: '*', hasData: false }
21 silly mapToRegistry name babel-es6-polyfill
22 silly mapToRegistry using default registry
23 silly mapToRegistry registry https://registry.npmjs.org/
24 silly mapToRegistry uri https://registry.npmjs.org/babel-es6-polyfill
25 verbose addNameRange registry:https://registry.npmjs.org/babel-es6-polyfill not in flight; fetching
26 verbose request uri https://registry.npmjs.org/babel-es6-polyfill
27 verbose request no auth needed
28 info attempt registry request try #1 at 11:43:06 AM
29 verbose request id a01592724809a324
30 http request GET https://registry.npmjs.org/babel-es6-polyfill
31 http 200 https://registry.npmjs.org/babel-es6-polyfill
32 silly get cb [ 200,
32 silly get   { server: 'CouchDB/1.5.0 (Erlang OTP/R16B03)',
32 silly get     etag: '"5AJD5XGCRVXCMKPHIPL57WNM6"',
32 silly get     'content-type': 'application/json',
32 silly get     'cache-control': 'max-age=60',
32 silly get     'content-length': '4649',
32 silly get     'accept-ranges': 'bytes',
32 silly get     date: 'Thu, 10 Sep 2015 18:43:16 GMT',
32 silly get     via: '1.1 varnish',
32 silly get     age: '0',
32 silly get     connection: 'keep-alive',
32 silly get     'x-served-by': 'cache-sjc3127-SJC',
32 silly get     'x-cache': 'MISS',
32 silly get     'x-cache-hits': '0',
32 silly get     'x-timer': 'S1441910596.850298,VS0,VE42',
32 silly get     vary: 'Accept' } ]
33 verbose get saving babel-es6-polyfill to C:\Users\Terrell\AppData\Roaming\npm-cache\registry.npmjs.org\babel-es6-polyfill\.cache.json
34 silly addNameRange number 2 { name: 'babel-es6-polyfill', range: '*', hasData: true }
35 silly addNameRange versions [ 'babel-es6-polyfill', [ '1.0.0', '1.0.1' ] ]
36 silly addNamed babel-es6-polyfill@1.0.1
37 verbose addNamed "1.0.1" is a plain semver version for babel-es6-polyfill
38 silly mapToRegistry name babel-es6-polyfill
39 silly mapToRegistry using default registry
40 silly mapToRegistry registry https://registry.npmjs.org/
41 silly mapToRegistry uri https://registry.npmjs.org/babel-es6-polyfill
42 verbose addRemoteTarball https://registry.npmjs.org/babel-es6-polyfill/-/babel-es6-polyfill-1.0.1.tgz not in flight; adding
43 verbose addRemoteTarball [ 'https://registry.npmjs.org/babel-es6-polyfill/-/babel-es6-polyfill-1.0.1.tgz',
43 verbose addRemoteTarball   'ae101de24c27b3ede30c57d7266a41b87019d3aa' ]
44 info retry fetch attempt 1 at 11:43:21 AM
45 info attempt registry request try #1 at 11:43:21 AM
46 http fetch GET https://registry.npmjs.org/babel-es6-polyfill/-/babel-es6-polyfill-1.0.1.tgz
47 http fetch 200 https://registry.npmjs.org/babel-es6-polyfill/-/babel-es6-polyfill-1.0.1.tgz
48 silly fetchAndShaCheck shasum ae101de24c27b3ede30c57d7266a41b87019d3aa
49 verbose addTmpTarball C:\Users\Terrell\AppData\Local\Temp\npm-6396-47ce68a5\registry.npmjs.org\babel-es6-polyfill\-\babel-es6-polyfill-1.0.1.tgz not in flight; adding
50 verbose addTmpTarball already have metadata; skipping unpack for babel-es6-polyfill@1.0.1
51 silly cache afterAdd babel-es6-polyfill@1.0.1
52 verbose afterAdd C:\Users\Terrell\AppData\Roaming\npm-cache\babel-es6-polyfill\1.0.1\package\package.json not in flight; writing
53 verbose afterAdd C:\Users\Terrell\AppData\Roaming\npm-cache\babel-es6-polyfill\1.0.1\package\package.json written
54 silly install resolved [ { name: 'babel-es6-polyfill',
54 silly install resolved     version: '1.0.1',
54 silly install resolved     description: 'A pure ES6 polyfill for Babel that only includes standardised features',
54 silly install resolved     scripts: { prepublish: 'gulp build', postpublish: 'gulp clean' },
54 silly install resolved     author: { name: 'Jason Berry', email: 'jason@thevagabond.net' },
54 silly install resolved     license: 'MIT',
54 silly install resolved     keywords: [ 'es6', 'ecmascript 6', 'babel', 'shim', 'polyfill' ],
54 silly install resolved     repository:
54 silly install resolved      { type: 'git',
54 silly install resolved        url: 'https://github.com/JasonBerry/babel-es6-polyfill.git' },
54 silly install resolved     bugs: { url: 'https://github.com/JasonBerry/babel-es6-polyfill/issues' },
54 silly install resolved     dependencies: { 'core-js': '^0.8.1', 'regenerator-babel': '^0.8.13-2' },
54 silly install resolved     devDependencies:
54 silly install resolved      { browserify: '^9.0.7',
54 silly install resolved        del: '^1.1.1',
54 silly install resolved        gulp: '^3.8.11',
54 silly install resolved        'gulp-rename': '^1.2.2',
54 silly install resolved        'gulp-uglify': '^1.1.0',
54 silly install resolved        'vinyl-buffer': '^1.0.0',
54 silly install resolved        'vinyl-source-stream': '^1.1.0' },
54 silly install resolved     gitHead: 'a8ccfbed7765a53895f8a412809552e675cc2547',
54 silly install resolved     homepage: 'https://github.com/JasonBerry/babel-es6-polyfill',
54 silly install resolved     _id: 'babel-es6-polyfill@1.0.1',
54 silly install resolved     _shasum: 'ae101de24c27b3ede30c57d7266a41b87019d3aa',
54 silly install resolved     _from: 'babel-es6-polyfill@*',
54 silly install resolved     _npmVersion: '2.0.2',
54 silly install resolved     _nodeVersion: '0.10.32',
54 silly install resolved     _npmUser: { name: 'jasonberry', email: 'jason@thevagabond.net' },
54 silly install resolved     maintainers: [ [Object] ],
54 silly install resolved     dist:
54 silly install resolved      { shasum: 'ae101de24c27b3ede30c57d7266a41b87019d3aa',
54 silly install resolved        tarball: 'http://registry.npmjs.org/babel-es6-polyfill/-/babel-es6-polyfill-1.0.1.tgz' },
54 silly install resolved     directories: {},
54 silly install resolved     _resolved: 'https://registry.npmjs.org/babel-es6-polyfill/-/babel-es6-polyfill-1.0.1.tgz' } ]
55 info install babel-es6-polyfill@1.0.1 into c:\Users\Terrell\projects\twitch-viewer
56 info installOne babel-es6-polyfill@1.0.1
57 verbose installOne of babel-es6-polyfill to c:\Users\Terrell\projects\twitch-viewer not in flight; installing
58 verbose lock using C:\Users\Terrell\AppData\Roaming\npm-cache\_locks\babel-es6-polyfill-2b2c54d0f7dbbdc3.lock for c:\Users\Terrell\projects\twitch-viewer\node_modules\babel-es6-polyfill
59 silly install write writing babel-es6-polyfill 1.0.1 to c:\Users\Terrell\projects\twitch-viewer\node_modules\babel-es6-polyfill
60 verbose unbuild node_modules\babel-es6-polyfill
61 silly gentlyRm c:\Users\Terrell\projects\twitch-viewer\node_modules\babel-es6-polyfill is being purged from base c:\Users\Terrell\projects\twitch-viewer
62 verbose gentlyRm don't care about contents; nuking c:\Users\Terrell\projects\twitch-viewer\node_modules\babel-es6-polyfill
63 verbose tar unpack C:\Users\Terrell\AppData\Roaming\npm-cache\babel-es6-polyfill\1.0.1\package.tgz
64 verbose tar unpacking to c:\Users\Terrell\projects\twitch-viewer\node_modules\babel-es6-polyfill
65 silly gentlyRm c:\Users\Terrell\projects\twitch-viewer\node_modules\babel-es6-polyfill is being purged
66 verbose gentlyRm don't care about contents; nuking c:\Users\Terrell\projects\twitch-viewer\node_modules\babel-es6-polyfill
67 silly gunzTarPerm modes [ '777', '666' ]
68 silly gunzTarPerm extractEntry package.json
69 silly gunzTarPerm modified mode [ 'package.json', 420, 438 ]
70 silly gunzTarPerm extractEntry .npmignore
71 silly gunzTarPerm modified mode [ '.npmignore', 420, 438 ]
72 silly gunzTarPerm extractEntry README.md
73 silly gunzTarPerm modified mode [ 'README.md', 420, 438 ]
74 silly gunzTarPerm extractEntry polyfill.js
75 silly gunzTarPerm modified mode [ 'polyfill.js', 420, 438 ]
76 silly gunzTarPerm extractEntry browser-polyfill.js
77 silly gunzTarPerm modified mode [ 'browser-polyfill.js', 420, 438 ]
78 silly gunzTarPerm extractEntry es6-shim.js
79 silly gunzTarPerm modified mode [ 'es6-shim.js', 420, 438 ]
80 silly gunzTarPerm extractEntry gulpfile.js
81 silly gunzTarPerm modified mode [ 'gulpfile.js', 420, 438 ]
82 silly gunzTarPerm extractEntry browser-polyfill.min.js
83 silly gunzTarPerm modified mode [ 'browser-polyfill.min.js', 420, 438 ]
84 verbose write writing to c:\Users\Terrell\projects\twitch-viewer\node_modules\babel-es6-polyfill\package.json
85 info preinstall babel-es6-polyfill@1.0.1
86 verbose readDependencies loading dependencies from c:\Users\Terrell\projects\twitch-viewer\node_modules\babel-es6-polyfill\package.json
87 silly prepareForInstallMany adding core-js@^0.8.1 from babel-es6-polyfill dependencies
88 silly prepareForInstallMany adding regenerator-babel@^0.8.13-2 from babel-es6-polyfill dependencies
89 verbose readDependencies loading dependencies from c:\Users\Terrell\projects\twitch-viewer\node_modules\babel-es6-polyfill\package.json
90 silly cache add args [ 'regenerator-babel@^0.8.13-2', null ]
91 verbose cache add spec regenerator-babel@^0.8.13-2
92 silly cache add parsed spec { raw: 'regenerator-babel@^0.8.13-2',
92 silly cache add   scope: null,
92 silly cache add   name: 'regenerator-babel',
92 silly cache add   rawSpec: '^0.8.13-2',
92 silly cache add   spec: '>=0.8.13-2 <0.9.0',
92 silly cache add   type: 'range' }
93 silly addNamed regenerator-babel@>=0.8.13-2 <0.9.0
94 verbose addNamed ">=0.8.13-2 <0.9.0" is a valid semver range for regenerator-babel
95 silly addNameRange { name: 'regenerator-babel',
95 silly addNameRange   range: '>=0.8.13-2 <0.9.0',
95 silly addNameRange   hasData: false }
96 silly mapToRegistry name regenerator-babel
97 silly mapToRegistry using default registry
98 silly mapToRegistry registry https://registry.npmjs.org/
99 silly mapToRegistry uri https://registry.npmjs.org/regenerator-babel
100 verbose addNameRange registry:https://registry.npmjs.org/regenerator-babel not in flight; fetching
101 silly cache add args [ 'core-js@^0.8.1', null ]
102 verbose cache add spec core-js@^0.8.1
103 silly cache add parsed spec { raw: 'core-js@^0.8.1',
103 silly cache add   scope: null,
103 silly cache add   name: 'core-js',
103 silly cache add   rawSpec: '^0.8.1',
103 silly cache add   spec: '>=0.8.1 <0.9.0',
103 silly cache add   type: 'range' }
104 silly addNamed core-js@>=0.8.1 <0.9.0
105 verbose addNamed ">=0.8.1 <0.9.0" is a valid semver range for core-js
106 silly addNameRange { name: 'core-js', range: '>=0.8.1 <0.9.0', hasData: false }
107 silly mapToRegistry name core-js
108 silly mapToRegistry using default registry
109 silly mapToRegistry registry https://registry.npmjs.org/
110 silly mapToRegistry uri https://registry.npmjs.org/core-js
111 verbose addNameRange registry:https://registry.npmjs.org/core-js not in flight; fetching
112 verbose request uri https://registry.npmjs.org/regenerator-babel
113 verbose request no auth needed
114 info attempt registry request try #1 at 11:43:44 AM
115 http request GET https://registry.npmjs.org/regenerator-babel
116 verbose request uri https://registry.npmjs.org/core-js
117 verbose request no auth needed
118 info attempt registry request try #1 at 11:43:44 AM
119 verbose etag "E1RXB0BS0EZTS2I2KO7V2NEI5"
120 http request GET https://registry.npmjs.org/core-js
121 http 304 https://registry.npmjs.org/core-js
122 silly get cb [ 304,
122 silly get   { date: 'Thu, 10 Sep 2015 18:43:52 GMT',
122 silly get     via: '1.1 varnish',
122 silly get     'cache-control': 'max-age=60',
122 silly get     etag: '"E1RXB0BS0EZTS2I2KO7V2NEI5"',
122 silly get     age: '22',
122 silly get     connection: 'keep-alive',
122 silly get     'x-served-by': 'cache-sjc3127-SJC',
122 silly get     'x-cache': 'HIT',
122 silly get     'x-cache-hits': '2',
122 silly get     'x-timer': 'S1441910632.777427,VS0,VE0',
122 silly get     vary: 'Accept' } ]
123 verbose etag https://registry.npmjs.org/core-js from cache
124 verbose get saving core-js to C:\Users\Terrell\AppData\Roaming\npm-cache\registry.npmjs.org\core-js\.cache.json
125 silly addNameRange number 2 { name: 'core-js', range: '>=0.8.1 <0.9.0', hasData: true }
126 silly addNameRange versions [ 'core-js',
126 silly addNameRange   [ '0.0.3',
126 silly addNameRange     '0.0.4',
126 silly addNameRange     '0.0.5',
126 silly addNameRange     '0.0.7',
126 silly addNameRange     '0.0.8',
126 silly addNameRange     '0.0.9',
126 silly addNameRange     '0.1.1',
126 silly addNameRange     '0.1.2',
126 silly addNameRange     '0.1.3',
126 silly addNameRange     '0.1.4',
126 silly addNameRange     '0.1.5',
126 silly addNameRange     '0.2.0',
126 silly addNameRange     '0.2.1',
126 silly addNameRange     '0.2.2',
126 silly addNameRange     '0.2.3',
126 silly addNameRange     '0.2.4',
126 silly addNameRange     '0.2.5',
126 silly addNameRange     '0.3.0',
126 silly addNameRange     '0.3.1',
126 silly addNameRange     '0.3.2',
126 silly addNameRange     '0.3.3',
126 silly addNameRange     '0.4.0',
126 silly addNameRange     '0.4.1',
126 silly addNameRange     '0.4.2',
126 silly addNameRange     '0.4.3',
126 silly addNameRange     '0.4.4',
126 silly addNameRange     '0.4.5',
126 silly addNameRange     '0.4.6',
126 silly addNameRange     '0.4.7',
126 silly addNameRange     '0.4.8',
126 silly addNameRange     '0.4.9',
126 silly addNameRange     '0.4.10',
126 silly addNameRange     '0.5.0',
126 silly addNameRange     '0.5.1',
126 silly addNameRange     '0.5.2',
126 silly addNameRange     '0.5.3',
126 silly addNameRange     '0.5.4',
126 silly addNameRange     '0.6.0',
126 silly addNameRange     '0.6.1',
126 silly addNameRange     '0.7.0',
126 silly addNameRange     '0.7.1',
126 silly addNameRange     '0.7.2',
126 silly addNameRange     '0.8.0',
126 silly addNameRange     '0.8.1',
126 silly addNameRange     '0.8.2',
126 silly addNameRange     '0.8.3',
126 silly addNameRange     '0.8.4',
126 silly addNameRange     '0.9.0',
126 silly addNameRange     '0.9.1',
126 silly addNameRange     '0.9.2',
126 silly addNameRange     '0.9.3',
126 silly addNameRange     '0.9.4',
126 silly addNameRange     '0.9.5',
126 silly addNameRange     '0.9.6',
126 silly addNameRange     '0.9.7',
126 silly addNameRange     '0.9.8',
126 silly addNameRange     '0.9.9',
126 silly addNameRange     '0.9.10',
126 silly addNameRange     '0.9.11',
126 silly addNameRange     '0.9.12',
126 silly addNameRange     '0.9.13',
126 silly addNameRange     '0.9.14',
126 silly addNameRange     '0.9.15',
126 silly addNameRange     '0.9.16',
126 silly addNameRange     '0.9.17',
126 silly addNameRange     '0.9.18',
126 silly addNameRange     '1.0.0',
126 silly addNameRange     '1.0.1',
126 silly addNameRange     '1.1.0',
126 silly addNameRange     '1.1.1',
126 silly addNameRange     '1.1.2',
126 silly addNameRange     '1.1.3',
126 silly addNameRange     '1.1.4' ] ]
127 silly addNamed core-js@0.8.4
128 verbose addNamed "0.8.4" is a plain semver version for core-js
129 silly mapToRegistry name core-js
130 silly mapToRegistry using default registry
131 silly mapToRegistry registry https://registry.npmjs.org/
132 silly mapToRegistry uri https://registry.npmjs.org/core-js
133 verbose addRemoteTarball https://registry.npmjs.org/core-js/-/core-js-0.8.4.tgz not in flight; adding
134 verbose addRemoteTarball [ 'https://registry.npmjs.org/core-js/-/core-js-0.8.4.tgz',
134 verbose addRemoteTarball   'c22665f1e0d1b9c3c5e1b08dabd1f108695e4fcf' ]
135 info retry fetch attempt 1 at 11:43:57 AM
136 info attempt registry request try #1 at 11:43:57 AM
137 http fetch GET https://registry.npmjs.org/core-js/-/core-js-0.8.4.tgz
138 http 200 https://registry.npmjs.org/regenerator-babel
139 silly get cb [ 200,
139 silly get   { server: 'CouchDB/1.5.0 (Erlang OTP/R16B03)',
139 silly get     etag: '"F4U7LKUUYE6OLIGCITDYJAG5Q"',
139 silly get     'content-type': 'application/json',
139 silly get     'cache-control': 'max-age=60',
139 silly get     'content-length': '6638',
139 silly get     'accept-ranges': 'bytes',
139 silly get     date: 'Thu, 10 Sep 2015 18:43:52 GMT',
139 silly get     via: '1.1 varnish',
139 silly get     age: '0',
139 silly get     connection: 'keep-alive',
139 silly get     'x-served-by': 'cache-sjc3134-SJC',
139 silly get     'x-cache': 'HIT',
139 silly get     'x-cache-hits': '1',
139 silly get     'x-timer': 'S1441910632.784354,VS0,VE88',
139 silly get     vary: 'Accept' } ]
140 verbose get saving regenerator-babel to C:\Users\Terrell\AppData\Roaming\npm-cache\registry.npmjs.org\regenerator-babel\.cache.json
141 silly addNameRange number 2 { name: 'regenerator-babel',
141 silly addNameRange   range: '>=0.8.13-2 <0.9.0',
141 silly addNameRange   hasData: true }
142 silly addNameRange versions [ 'regenerator-babel',
142 silly addNameRange   [ '0.8.10-1', '0.8.10-2', '0.8.13-1', '0.8.13-2' ] ]
143 silly addNamed regenerator-babel@0.8.13-2
144 verbose addNamed "0.8.13-2" is a plain semver version for regenerator-babel
145 silly mapToRegistry name regenerator-babel
146 silly mapToRegistry using default registry
147 silly mapToRegistry registry https://registry.npmjs.org/
148 silly mapToRegistry uri https://registry.npmjs.org/regenerator-babel
149 verbose addRemoteTarball https://registry.npmjs.org/regenerator-babel/-/regenerator-babel-0.8.13-2.tgz not in flight; adding
150 verbose addRemoteTarball [ 'https://registry.npmjs.org/regenerator-babel/-/regenerator-babel-0.8.13-2.tgz',
150 verbose addRemoteTarball   '1c075ff524208e935914191808d0798fd8fbc4e5' ]
151 info retry fetch attempt 1 at 11:44:03 AM
152 info attempt registry request try #1 at 11:44:03 AM
153 http fetch GET https://registry.npmjs.org/regenerator-babel/-/regenerator-babel-0.8.13-2.tgz
154 http fetch 200 https://registry.npmjs.org/core-js/-/core-js-0.8.4.tgz
155 http fetch 200 https://registry.npmjs.org/regenerator-babel/-/regenerator-babel-0.8.13-2.tgz
156 silly fetchAndShaCheck shasum 1c075ff524208e935914191808d0798fd8fbc4e5
157 verbose addTmpTarball C:\Users\Terrell\AppData\Local\Temp\npm-6396-47ce68a5\registry.npmjs.org\regenerator-babel\-\regenerator-babel-0.8.13-2.tgz not in flight; adding
158 verbose addTmpTarball already have metadata; skipping unpack for regenerator-babel@0.8.13-2
159 silly cache afterAdd regenerator-babel@0.8.13-2
160 verbose afterAdd C:\Users\Terrell\AppData\Roaming\npm-cache\regenerator-babel\0.8.13-2\package\package.json not in flight; writing
161 verbose afterAdd C:\Users\Terrell\AppData\Roaming\npm-cache\regenerator-babel\0.8.13-2\package\package.json written
162 silly fetchAndShaCheck shasum c22665f1e0d1b9c3c5e1b08dabd1f108695e4fcf
163 verbose addTmpTarball C:\Users\Terrell\AppData\Local\Temp\npm-6396-47ce68a5\registry.npmjs.org\core-js\-\core-js-0.8.4.tgz not in flight; adding
164 verbose addTmpTarball already have metadata; skipping unpack for core-js@0.8.4
165 silly cache afterAdd core-js@0.8.4
166 verbose afterAdd C:\Users\Terrell\AppData\Roaming\npm-cache\core-js\0.8.4\package\package.json not in flight; writing
167 verbose afterAdd C:\Users\Terrell\AppData\Roaming\npm-cache\core-js\0.8.4\package\package.json written
168 silly install resolved [ { author: { name: 'Ben Newman', email: 'bn@cs.stanford.edu' },
168 silly install resolved     name: 'regenerator-babel',
168 silly install resolved     description: 'Source transformer enabling ECMAScript 6 generator functions (yield) in JavaScript-of-today (ES5)',
168 silly install resolved     keywords:
168 silly install resolved      [ 'generator',
168 silly install resolved        'yield',
168 silly install resolved        'coroutine',
168 silly install resolved        'rewriting',
168 silly install resolved        'transformation',
168 silly install resolved        'syntax',
168 silly install resolved        'codegen',
168 silly install resolved        'rewriting',
168 silly install resolved        'refactoring',
168 silly install resolved        'transpiler',
168 silly install resolved        'desugaring',
168 silly install resolved        'ES6' ],
168 silly install resolved     version: '0.8.13-2',
168 silly install resolved     homepage: 'http://github.com/facebook/regenerator',
168 silly install resolved     repository:
168 silly install resolved      { type: 'git',
168 silly install resolved        url: 'git://github.com/facebook/regenerator.git' },
168 silly install resolved     main: 'main.js',
168 silly install resolved     bin: { 'regenerator-babel': 'bin/regenerator' },
168 silly install resolved     scripts: { test: 'node test/run.js' },
168 silly install resolved     dependencies:
168 silly install resolved      { 'ast-types': '~0.7.0',
168 silly install resolved        commoner: '~0.10.0',
168 silly install resolved        private: '~0.1.5',
168 silly install resolved        through: '~2.3.6' },
168 silly install resolved     devDependencies: { mocha: '~1.21.4', promise: '~6.0.1', semver: '~4.0.3' },
168 silly install resolved     license: 'BSD',
168 silly install resolved     engines: { node: '>= 0.6' },
168 silly install resolved     gitHead: '759242d7d9ad4f35c324259cb63cc014bc26e9f8',
168 silly install resolved     bugs: { url: 'https://github.com/facebook/regenerator/issues' },
168 silly install resolved     _id: 'regenerator-babel@0.8.13-2',
168 silly install resolved     _shasum: '1c075ff524208e935914191808d0798fd8fbc4e5',
168 silly install resolved     _from: 'regenerator-babel@>=0.8.13-2 <0.9.0',
168 silly install resolved     _npmVersion: '2.6.0',
168 silly install resolved     _nodeVersion: '1.4.1',
168 silly install resolved     _npmUser: { name: 'sebmck', email: 'sebmck@gmail.com' },
168 silly install resolved     maintainers: [ [Object] ],
168 silly install resolved     dist:
168 silly install resolved      { shasum: '1c075ff524208e935914191808d0798fd8fbc4e5',
168 silly install resolved        tarball: 'http://registry.npmjs.org/regenerator-babel/-/regenerator-babel-0.8.13-2.tgz' },
168 silly install resolved     directories: {},
168 silly install resolved     _resolved: 'https://registry.npmjs.org/regenerator-babel/-/regenerator-babel-0.8.13-2.tgz' },
168 silly install resolved   { name: 'core-js',
168 silly install resolved     description: 'Standard library',
168 silly install resolved     version: '0.8.4',
168 silly install resolved     repository: { type: 'git', url: 'https://github.com/zloirock/core-js.git' },
168 silly install resolved     main: 'index.js',
168 silly install resolved     devDependencies:
168 silly install resolved      { webpack: '1.8.x',
168 silly install resolved        LiveScript: '1.3.x',
168 silly install resolved        grunt: '0.4.x',
168 silly install resolved        'grunt-livescript': '0.5.x',
168 silly install resolved        'grunt-contrib-uglify': '0.9.x',
168 silly install resolved        'grunt-contrib-watch': '0.6.x',
168 silly install resolved        'grunt-contrib-clean': '0.6.x',
168 silly install resolved        'grunt-contrib-copy': '0.8.x',
168 silly install resolved        karma: '0.12.x',
168 silly install resolved        'karma-qunit': '0.1.x',
168 silly install resolved        'karma-chrome-launcher': '0.1.x',
168 silly install resolved        'karma-ie-launcher': '0.1.x',
168 silly install resolved        'karma-firefox-launcher': '0.1.x',
168 silly install resolved        'karma-opera-launcher': '0.1.x',
168 silly install resolved        'promises-aplus-tests': '2.1.x',
168 silly install resolved        eslint: '0.19.x' },
168 silly install resolved     scripts:
168 silly install resolved      { lint: 'eslint es5 es6 es7 js web core fn modules',
168 silly install resolved        'promises-tests': 'promises-aplus-tests tests/promises_tests_adapter' },
168 silly install resolved     license: 'MIT',
168 silly install resolved     keywords:
168 silly install resolved      [ 'ES5',
168 silly install resolved        'ECMAScript 5',
168 silly install resolved        'ES6',
168 silly install resolved        'ECMAScript 6',
168 silly install resolved        'ES7',
168 silly install resolved        'ECMAScript 7',
168 silly install resolved        'Harmony',
168 silly install resolved        'Strawman',
168 silly install resolved        'Map',
168 silly install resolved        'Set',
168 silly install resolved        'WeakMap',
168 silly install resolved        'WeakSet',
168 silly install resolved        'Dict',
168 silly install resolved        'Promise',
168 silly install resolved        'Symbol',
168 silly install resolved        'Array generics',
168 silly install resolved        'setImmediate',
168 silly install resolved        'partial application',
168 silly install resolved        'Date formatting' ],
168 silly install resolved     gitHead: '3bd0d73858f42c99f5a1208070c284d9f35f31b3',
168 silly install resolved     bugs: { url: 'https://github.com/zloirock/core-js/issues' },
168 silly install resolved     homepage: 'https://github.com/zloirock/core-js',
168 silly install resolved     _id: 'core-js@0.8.4',
168 silly install resolved     _shasum: 'c22665f1e0d1b9c3c5e1b08dabd1f108695e4fcf',
168 silly install resolved     _from: 'core-js@>=0.8.1 <0.9.0',
168 silly install resolved     _npmVersion: '2.7.1',
168 silly install resolved     _nodeVersion: '1.6.2',
168 silly install resolved     _npmUser: { name: 'zloirock', email: 'zloirock@zloirock.ru' },
168 silly install resolved     maintainers: [ [Object] ],
168 silly install resolved     dist:
168 silly install resolved      { shasum: 'c22665f1e0d1b9c3c5e1b08dabd1f108695e4fcf',
168 silly install resolved        tarball: 'http://registry.npmjs.org/core-js/-/core-js-0.8.4.tgz' },
168 silly install resolved     directories: {},
168 silly install resolved     _resolved: 'https://registry.npmjs.org/core-js/-/core-js-0.8.4.tgz' } ]
169 info install regenerator-babel@0.8.13-2 into c:\Users\Terrell\projects\twitch-viewer\node_modules\babel-es6-polyfill
170 info install core-js@0.8.4 into c:\Users\Terrell\projects\twitch-viewer\node_modules\babel-es6-polyfill
171 info installOne regenerator-babel@0.8.13-2
172 verbose installOne of regenerator-babel to c:\Users\Terrell\projects\twitch-viewer\node_modules\babel-es6-polyfill not in flight; installing
173 info installOne core-js@0.8.4
174 verbose installOne of core-js to c:\Users\Terrell\projects\twitch-viewer\node_modules\babel-es6-polyfill not in flight; installing
175 verbose lock using C:\Users\Terrell\AppData\Roaming\npm-cache\_locks\regenerator-babel-82745ef7d2c75c62.lock for c:\Users\Terrell\projects\twitch-viewer\node_modules\babel-es6-polyfill\node_modules\regenerator-babel
176 verbose lock using C:\Users\Terrell\AppData\Roaming\npm-cache\_locks\core-js-5ccac95c5c905694.lock for c:\Users\Terrell\projects\twitch-viewer\node_modules\babel-es6-polyfill\node_modules\core-js
177 silly install write writing regenerator-babel 0.8.13-2 to c:\Users\Terrell\projects\twitch-viewer\node_modules\babel-es6-polyfill\node_modules\regenerator-babel
178 silly install write writing core-js 0.8.4 to c:\Users\Terrell\projects\twitch-viewer\node_modules\babel-es6-polyfill\node_modules\core-js
179 verbose unbuild node_modules\babel-es6-polyfill\node_modules\core-js
180 verbose unbuild node_modules\babel-es6-polyfill\node_modules\regenerator-babel
181 silly gentlyRm c:\Users\Terrell\projects\twitch-viewer\node_modules\babel-es6-polyfill\node_modules\core-js is being purged from base c:\Users\Terrell\projects\twitch-viewer
182 verbose gentlyRm don't care about contents; nuking c:\Users\Terrell\projects\twitch-viewer\node_modules\babel-es6-polyfill\node_modules\core-js
183 silly gentlyRm c:\Users\Terrell\projects\twitch-viewer\node_modules\babel-es6-polyfill\node_modules\regenerator-babel is being purged from base c:\Users\Terrell\projects\twitch-viewer
184 verbose gentlyRm don't care about contents; nuking c:\Users\Terrell\projects\twitch-viewer\node_modules\babel-es6-polyfill\node_modules\regenerator-babel
185 verbose tar unpack C:\Users\Terrell\AppData\Roaming\npm-cache\core-js\0.8.4\package.tgz
186 verbose tar unpacking to c:\Users\Terrell\projects\twitch-viewer\node_modules\babel-es6-polyfill\node_modules\core-js
187 silly gentlyRm c:\Users\Terrell\projects\twitch-viewer\node_modules\babel-es6-polyfill\node_modules\core-js is being purged
188 verbose gentlyRm don't care about contents; nuking c:\Users\Terrell\projects\twitch-viewer\node_modules\babel-es6-polyfill\node_modules\core-js
189 verbose tar unpack C:\Users\Terrell\AppData\Roaming\npm-cache\regenerator-babel\0.8.13-2\package.tgz
190 verbose tar unpacking to c:\Users\Terrell\projects\twitch-viewer\node_modules\babel-es6-polyfill\node_modules\regenerator-babel
191 silly gentlyRm c:\Users\Terrell\projects\twitch-viewer\node_modules\babel-es6-polyfill\node_modules\regenerator-babel is being purged
192 verbose gentlyRm don't care about contents; nuking c:\Users\Terrell\projects\twitch-viewer\node_modules\babel-es6-polyfill\node_modules\regenerator-babel
193 silly gunzTarPerm modes [ '777', '666' ]
194 silly gunzTarPerm modes [ '777', '666' ]
195 silly gunzTarPerm extractEntry package.json
196 silly gunzTarPerm extractEntry package.json
197 silly gunzTarPerm modified mode [ 'package.json', 420, 438 ]
198 silly gunzTarPerm extractEntry .npmignore
199 silly gunzTarPerm extractEntry README.md
200 silly gunzTarPerm extractEntry .npmignore
201 silly gunzTarPerm modified mode [ '.npmignore', 420, 438 ]
202 silly gunzTarPerm extractEntry README.md
203 silly gunzTarPerm modified mode [ 'README.md', 420, 438 ]
204 silly gunzTarPerm extractEntry LICENSE
205 silly gunzTarPerm extractEntry LICENSE
206 silly gunzTarPerm modified mode [ 'LICENSE', 420, 438 ]
207 silly gunzTarPerm extractEntry runtime-module.js
208 silly gunzTarPerm modified mode [ 'runtime-module.js', 420, 438 ]
209 silly gunzTarPerm extractEntry Gruntfile.js
210 silly gunzTarPerm extractEntry index.js
211 silly gunzTarPerm extractEntry shim.js
212 silly gunzTarPerm extractEntry main.js
213 silly gunzTarPerm modified mode [ 'main.js', 420, 438 ]
214 silly gunzTarPerm extractEntry runtime.js
215 silly gunzTarPerm modified mode [ 'runtime.js', 420, 438 ]
216 silly gunzTarPerm extractEntry es6/array.js
217 silly gunzTarPerm extractEntry es6/math.js
218 silly gunzTarPerm extractEntry es6/number.js
219 silly gunzTarPerm extractEntry lib/emit.js
220 silly gunzTarPerm modified mode [ 'lib/emit.js', 420, 438 ]
221 silly gunzTarPerm extractEntry lib/hoist.js
222 silly gunzTarPerm modified mode [ 'lib/hoist.js', 420, 438 ]
223 silly gunzTarPerm extractEntry lib/leap.js
224 silly gunzTarPerm modified mode [ 'lib/leap.js', 420, 438 ]
225 silly gunzTarPerm extractEntry es6/object.js
226 silly gunzTarPerm extractEntry es6/map.js
227 silly gunzTarPerm extractEntry lib/meta.js
228 silly gunzTarPerm modified mode [ 'lib/meta.js', 420, 438 ]
229 silly gunzTarPerm extractEntry lib/util.js
230 silly gunzTarPerm modified mode [ 'lib/util.js', 420, 438 ]
231 silly gunzTarPerm extractEntry es6/reflect.js
232 silly gunzTarPerm extractEntry es6/regexp.js
233 silly gunzTarPerm extractEntry lib/visit.js
234 silly gunzTarPerm modified mode [ 'lib/visit.js', 420, 438 ]
235 silly gunzTarPerm extractEntry .travis.yml
236 silly gunzTarPerm modified mode [ '.travis.yml', 420, 438 ]
237 silly gunzTarPerm extractEntry es6/set.js
238 silly gunzTarPerm extractEntry es6/string.js
239 silly gunzTarPerm extractEntry es6/symbol.js
240 silly gunzTarPerm extractEntry es6/index.js
241 silly gunzTarPerm extractEntry PATENTS
242 silly gunzTarPerm modified mode [ 'PATENTS', 420, 438 ]
243 silly gunzTarPerm extractEntry CONTRIBUTING.md
244 silly gunzTarPerm modified mode [ 'CONTRIBUTING.md', 420, 438 ]
245 silly gunzTarPerm extractEntry bin/regenerator
246 silly gunzTarPerm modified mode [ 'bin/regenerator', 493, 511 ]
247 silly gunzTarPerm extractEntry es6/weak-map.js
248 silly gunzTarPerm extractEntry es6/function.js
249 silly gunzTarPerm extractEntry es6/weak-set.js
250 silly gunzTarPerm extractEntry es6/promise.js
251 silly gunzTarPerm extractEntry build/Gruntfile.ls
252 silly gunzTarPerm extractEntry build/build.ls
253 silly gunzTarPerm extractEntry build/config.ls
254 silly gunzTarPerm extractEntry client/core.js
255 silly gunzTarPerm extractEntry client/core.min.js
256 silly gunzTarPerm extractEntry client/library.js
257 silly gunzTarPerm extractEntry client/library.min.js
258 silly gunzTarPerm extractEntry client/shim.js
259 silly gunzTarPerm extractEntry client/shim.min.js
260 silly gunzTarPerm extractEntry client/core.min.js.map
261 silly gunzTarPerm extractEntry client/library.min.js.map
262 silly gunzTarPerm extractEntry client/shim.min.js.map
263 silly gunzTarPerm extractEntry core/$for.js
264 silly gunzTarPerm extractEntry core/date.js
265 silly gunzTarPerm extractEntry core/delay.js
266 silly gunzTarPerm extractEntry core/dict.js
267 silly gunzTarPerm extractEntry core/array.js
268 silly gunzTarPerm extractEntry core/global.js
269 silly gunzTarPerm extractEntry core/index.js
270 silly gunzTarPerm extractEntry core/log.js
271 silly gunzTarPerm extractEntry core/number.js
272 verbose write writing to c:\Users\Terrell\projects\twitch-viewer\node_modules\babel-es6-polyfill\node_modules\regenerator-babel\package.json
273 silly gunzTarPerm extractEntry core/object.js
274 silly gunzTarPerm extractEntry core/_.js
275 info preinstall regenerator-babel@0.8.13-2
276 silly gunzTarPerm extractEntry core/string.js
277 silly gunzTarPerm extractEntry core/function.js
278 verbose readDependencies loading dependencies from c:\Users\Terrell\projects\twitch-viewer\node_modules\babel-es6-polyfill\node_modules\regenerator-babel\package.json
279 silly prepareForInstallMany adding ast-types@~0.7.0 from regenerator-babel dependencies
280 silly prepareForInstallMany adding commoner@~0.10.0 from regenerator-babel dependencies
281 silly prepareForInstallMany adding private@~0.1.5 from regenerator-babel dependencies
282 silly prepareForInstallMany adding through@~2.3.6 from regenerator-babel dependencies
283 verbose readDependencies loading dependencies from c:\Users\Terrell\projects\twitch-viewer\node_modules\babel-es6-polyfill\node_modules\regenerator-babel\package.json
284 silly gunzTarPerm extractEntry es5/index.js
285 silly gunzTarPerm extractEntry es7/array.js
286 silly cache add args [ 'ast-types@~0.7.0', null ]
287 verbose cache add spec ast-types@~0.7.0
288 silly cache add args [ 'commoner@~0.10.0', null ]
289 verbose cache add spec commoner@~0.10.0
290 silly cache add parsed spec { raw: 'ast-types@~0.7.0',
290 silly cache add   scope: null,
290 silly cache add   name: 'ast-types',
290 silly cache add   rawSpec: '~0.7.0',
290 silly cache add   spec: '>=0.7.0 <0.8.0',
290 silly cache add   type: 'range' }
291 silly addNamed ast-types@>=0.7.0 <0.8.0
292 verbose addNamed ">=0.7.0 <0.8.0" is a valid semver range for ast-types
293 silly addNameRange { name: 'ast-types', range: '>=0.7.0 <0.8.0', hasData: false }
294 silly mapToRegistry name ast-types
295 silly mapToRegistry using default registry
296 silly mapToRegistry registry https://registry.npmjs.org/
297 silly mapToRegistry uri https://registry.npmjs.org/ast-types
298 verbose addNameRange registry:https://registry.npmjs.org/ast-types not in flight; fetching
299 silly cache add parsed spec { raw: 'commoner@~0.10.0',
299 silly cache add   scope: null,
299 silly cache add   name: 'commoner',
299 silly cache add   rawSpec: '~0.10.0',
299 silly cache add   spec: '>=0.10.0 <0.11.0',
299 silly cache add   type: 'range' }
300 silly addNamed commoner@>=0.10.0 <0.11.0
301 verbose addNamed ">=0.10.0 <0.11.0" is a valid semver range for commoner
302 silly addNameRange { name: 'commoner', range: '>=0.10.0 <0.11.0', hasData: false }
303 silly mapToRegistry name commoner
304 silly mapToRegistry using default registry
305 silly mapToRegistry registry https://registry.npmjs.org/
306 silly mapToRegistry uri https://registry.npmjs.org/commoner
307 verbose addNameRange registry:https://registry.npmjs.org/commoner not in flight; fetching
308 silly cache add args [ 'private@~0.1.5', null ]
309 verbose cache add spec private@~0.1.5
310 silly cache add parsed spec { raw: 'private@~0.1.5',
310 silly cache add   scope: null,
310 silly cache add   name: 'private',
310 silly cache add   rawSpec: '~0.1.5',
310 silly cache add   spec: '>=0.1.5 <0.2.0',
310 silly cache add   type: 'range' }
311 silly addNamed private@>=0.1.5 <0.2.0
312 verbose addNamed ">=0.1.5 <0.2.0" is a valid semver range for private
313 silly addNameRange { name: 'private', range: '>=0.1.5 <0.2.0', hasData: false }
314 silly mapToRegistry name private
315 silly mapToRegistry using default registry
316 silly mapToRegistry registry https://registry.npmjs.org/
317 silly mapToRegistry uri https://registry.npmjs.org/private
318 verbose addNameRange registry:https://registry.npmjs.org/private not in flight; fetching
319 silly cache add args [ 'through@~2.3.6', null ]
320 verbose cache add spec through@~2.3.6
321 silly cache add parsed spec { raw: 'through@~2.3.6',
321 silly cache add   scope: null,
321 silly cache add   name: 'through',
321 silly cache add   rawSpec: '~2.3.6',
321 silly cache add   spec: '>=2.3.6 <2.4.0',
321 silly cache add   type: 'range' }
322 silly addNamed through@>=2.3.6 <2.4.0
323 verbose addNamed ">=2.3.6 <2.4.0" is a valid semver range for through
324 silly addNameRange { name: 'through', range: '>=2.3.6 <2.4.0', hasData: false }
325 silly mapToRegistry name through
326 silly mapToRegistry using default registry
327 silly mapToRegistry registry https://registry.npmjs.org/
328 silly mapToRegistry uri https://registry.npmjs.org/through
329 verbose addNameRange registry:https://registry.npmjs.org/through not in flight; fetching
330 verbose request uri https://registry.npmjs.org/through
331 verbose request no auth needed
332 info attempt registry request try #1 at 11:44:30 AM
333 verbose etag "3OQAPM245BT6G1TW55EK7N7LX"
334 http request GET https://registry.npmjs.org/through
335 verbose request uri https://registry.npmjs.org/private
336 verbose request no auth needed
337 info attempt registry request try #1 at 11:44:30 AM
338 verbose etag "CYCL3LS37GT66Q0X11ELDMVPR"
339 http request GET https://registry.npmjs.org/private
340 silly gunzTarPerm extractEntry es7/index.js
341 silly gunzTarPerm extractEntry es7/object.js
342 verbose request uri https://registry.npmjs.org/commoner
343 verbose request no auth needed
344 info attempt registry request try #1 at 11:44:30 AM
345 verbose etag "23UZBM49BXYX5G16UKMY8J1I3"
346 http request GET https://registry.npmjs.org/commoner
347 verbose request uri https://registry.npmjs.org/ast-types
348 verbose request no auth needed
349 info attempt registry request try #1 at 11:44:30 AM
350 verbose etag "E90IIIEIM541C2E172KE6LP9H"
351 http request GET https://registry.npmjs.org/ast-types
352 silly gunzTarPerm extractEntry es7/regexp.js
353 silly gunzTarPerm extractEntry es7/set.js
354 silly gunzTarPerm extractEntry es7/string.js
355 silly gunzTarPerm extractEntry fn/$for.js
356 silly gunzTarPerm extractEntry fn/delay.js
357 silly gunzTarPerm extractEntry fn/dict.js
358 silly gunzTarPerm extractEntry fn/set-timeout.js
359 silly gunzTarPerm extractEntry fn/get-iterator.js
360 silly gunzTarPerm extractEntry fn/set.js
361 silly gunzTarPerm extractEntry fn/is-iterable.js
362 silly gunzTarPerm extractEntry fn/log.js
363 silly gunzTarPerm extractEntry fn/map.js
364 silly gunzTarPerm extractEntry fn/_.js
365 silly gunzTarPerm extractEntry fn/set-interval.js
366 silly gunzTarPerm extractEntry fn/clear-immediate.js
367 silly gunzTarPerm extractEntry fn/set-immediate.js
368 silly gunzTarPerm extractEntry fn/weak-map.js
369 silly gunzTarPerm extractEntry fn/promise.js
370 silly gunzTarPerm extractEntry fn/global.js
371 silly gunzTarPerm extractEntry fn/weak-set.js
372 silly gunzTarPerm extractEntry fn/reflect/apply.js
373 silly gunzTarPerm extractEntry fn/reflect/enumerate.js
374 silly gunzTarPerm extractEntry fn/reflect/get-own-property-descriptor.js
375 silly gunzTarPerm extractEntry fn/reflect/get-prototype-of.js
376 silly gunzTarPerm extractEntry fn/reflect/delete-property.js
377 silly gunzTarPerm extractEntry fn/reflect/has.js
378 silly gunzTarPerm extractEntry fn/reflect/index.js
379 silly gunzTarPerm extractEntry fn/reflect/is-extensible.js
380 silly gunzTarPerm extractEntry fn/reflect/own-keys.js
381 silly gunzTarPerm extractEntry fn/reflect/prevent-extensions.js
382 silly gunzTarPerm extractEntry fn/reflect/define-property.js
383 silly gunzTarPerm extractEntry fn/reflect/set-prototype-of.js
384 silly gunzTarPerm extractEntry fn/reflect/construct.js
385 silly gunzTarPerm extractEntry fn/reflect/set.js
386 silly gunzTarPerm extractEntry fn/reflect/get.js
387 silly gunzTarPerm extractEntry fn/regexp/escape.js
388 silly gunzTarPerm extractEntry fn/regexp/index.js
389 silly gunzTarPerm extractEntry fn/object/assign.js
390 silly gunzTarPerm extractEntry fn/object/get-own-property-names.js
391 silly gunzTarPerm extractEntry fn/object/get-own-property-symbols.js
392 silly gunzTarPerm extractEntry fn/object/get-prototype-of.js
393 silly gunzTarPerm extractEntry fn/object/index.js
394 silly gunzTarPerm extractEntry fn/object/get-own-property-descriptors.js
395 silly gunzTarPerm extractEntry fn/object/is-frozen.js
396 silly gunzTarPerm extractEntry fn/object/is-object.js
397 silly gunzTarPerm extractEntry fn/object/is-sealed.js
398 silly gunzTarPerm extractEntry fn/object/is.js
399 silly gunzTarPerm extractEntry fn/object/keys.js
400 silly gunzTarPerm extractEntry fn/object/get-own-property-descriptor.js
401 silly gunzTarPerm extractEntry fn/object/make.js
402 silly gunzTarPerm extractEntry fn/object/freeze.js
403 silly gunzTarPerm extractEntry fn/object/prevent-extensions.js
404 silly gunzTarPerm extractEntry fn/object/entries.js
405 silly gunzTarPerm extractEntry fn/object/seal.js
406 silly gunzTarPerm extractEntry fn/object/define.js
407 silly gunzTarPerm extractEntry fn/object/set-prototype-of.js
408 silly gunzTarPerm extractEntry fn/object/classof.js
409 silly gunzTarPerm extractEntry fn/object/values.js
410 silly gunzTarPerm extractEntry fn/object/is-extensible.js
411 silly gunzTarPerm extractEntry fn/number/epsilon.js
412 silly gunzTarPerm extractEntry fn/number/is-finite.js
413 silly gunzTarPerm extractEntry fn/number/is-integer.js
414 silly gunzTarPerm extractEntry fn/number/is-nan.js
415 silly gunzTarPerm extractEntry fn/number/index.js
416 silly gunzTarPerm extractEntry fn/number/max-safe-integer.js
417 silly gunzTarPerm extractEntry fn/number/min-safe-integer.js
418 silly gunzTarPerm extractEntry fn/number/parse-float.js
419 silly gunzTarPerm extractEntry fn/number/parse-int.js
420 silly gunzTarPerm extractEntry fn/number/random.js
421 silly gunzTarPerm extractEntry fn/number/is-safe-integer.js
422 silly gunzTarPerm extractEntry fn/function/index.js
423 silly gunzTarPerm extractEntry fn/function/only.js
424 silly gunzTarPerm extractEntry fn/function/part.js
425 silly gunzTarPerm extractEntry fn/date/add-locale.js
426 silly gunzTarPerm extractEntry fn/date/format-utc.js
427 silly gunzTarPerm extractEntry fn/date/format.js
428 silly gunzTarPerm extractEntry fn/date/index.js
429 silly gunzTarPerm extractEntry fn/string/at.js
430 silly gunzTarPerm extractEntry fn/string/ends-with.js
431 silly gunzTarPerm extractEntry fn/string/escape-html.js
432 silly gunzTarPerm extractEntry fn/string/from-code-point.js
433 silly gunzTarPerm extractEntry fn/string/code-point-at.js
434 silly gunzTarPerm extractEntry fn/string/index.js
435 silly gunzTarPerm extractEntry fn/string/raw.js
436 silly gunzTarPerm extractEntry fn/string/repeat.js
437 silly gunzTarPerm extractEntry fn/string/starts-with.js
438 silly gunzTarPerm extractEntry fn/string/unescape-html.js
439 silly gunzTarPerm extractEntry fn/string/includes.js
440 silly gunzTarPerm extractEntry fn/symbol/for.js
441 silly gunzTarPerm extractEntry fn/symbol/is-concat-spreadable.js
442 silly gunzTarPerm extractEntry fn/symbol/iterator.js
443 silly gunzTarPerm extractEntry fn/symbol/key-for.js
444 silly gunzTarPerm extractEntry fn/symbol/match.js
445 silly gunzTarPerm extractEntry fn/symbol/index.js
446 silly gunzTarPerm extractEntry fn/symbol/search.js
447 silly gunzTarPerm extractEntry fn/symbol/species.js
448 silly gunzTarPerm extractEntry fn/symbol/split.js
449 silly gunzTarPerm extractEntry fn/symbol/to-primitive.js
450 silly gunzTarPerm extractEntry fn/symbol/to-string-tag.js
451 silly gunzTarPerm extractEntry fn/symbol/has-instance.js
452 silly gunzTarPerm extractEntry fn/symbol/unscopables.js
453 silly gunzTarPerm extractEntry fn/symbol/replace.js
454 silly gunzTarPerm extractEntry fn/array/concat.js
455 silly gunzTarPerm extractEntry fn/array/index.js
456 silly gunzTarPerm extractEntry fn/array/join.js
457 silly gunzTarPerm extractEntry fn/array/keys.js
458 silly gunzTarPerm extractEntry fn/array/index-of.js
459 silly gunzTarPerm extractEntry fn/array/map.js
460 silly gunzTarPerm extractEntry fn/array/of.js
461 silly gunzTarPerm extractEntry fn/array/pop.js
462 silly gunzTarPerm extractEntry fn/array/push.js
463 silly gunzTarPerm extractEntry fn/array/reduce-right.js
464 silly gunzTarPerm extractEntry fn/array/includes.js
465 silly gunzTarPerm extractEntry fn/array/reduce.js
466 silly gunzTarPerm extractEntry fn/array/from.js
467 silly gunzTarPerm extractEntry fn/array/reverse.js
468 silly gunzTarPerm extractEntry fn/array/for-each.js
469 silly gunzTarPerm extractEntry fn/array/shift.js
470 silly gunzTarPerm extractEntry fn/array/find.js
471 silly gunzTarPerm extractEntry fn/array/slice.js
472 silly gunzTarPerm extractEntry fn/array/find-index.js
473 silly gunzTarPerm extractEntry fn/array/some.js
474 silly gunzTarPerm extractEntry fn/array/filter.js
475 silly gunzTarPerm extractEntry fn/array/sort.js
476 silly gunzTarPerm extractEntry fn/array/fill.js
477 silly gunzTarPerm extractEntry fn/array/splice.js
478 silly gunzTarPerm extractEntry fn/array/every.js
479 silly gunzTarPerm extractEntry fn/array/turn.js
480 silly gunzTarPerm extractEntry fn/array/entries.js
481 silly gunzTarPerm extractEntry fn/array/unshift.js
482 silly gunzTarPerm extractEntry fn/array/copy-within.js
483 silly gunzTarPerm extractEntry fn/array/values.js
484 silly gunzTarPerm extractEntry fn/array/last-index-of.js
485 silly gunzTarPerm extractEntry fn/math/acosh.js
486 silly gunzTarPerm extractEntry fn/math/cosh.js
487 silly gunzTarPerm extractEntry fn/math/expm1.js
488 silly gunzTarPerm extractEntry fn/math/fround.js
489 silly gunzTarPerm extractEntry fn/math/hypot.js
490 silly gunzTarPerm extractEntry fn/math/clz32.js
491 silly gunzTarPerm extractEntry fn/math/index.js
492 silly gunzTarPerm extractEntry fn/math/log10.js
493 silly gunzTarPerm extractEntry fn/math/log1p.js
494 silly gunzTarPerm extractEntry fn/math/log2.js
495 silly gunzTarPerm extractEntry fn/math/sign.js
496 silly gunzTarPerm extractEntry fn/math/cbrt.js
497 silly gunzTarPerm extractEntry fn/math/sinh.js
498 silly gunzTarPerm extractEntry fn/math/atanh.js
499 silly gunzTarPerm extractEntry fn/math/tanh.js
500 silly gunzTarPerm extractEntry fn/math/asinh.js
501 silly gunzTarPerm extractEntry fn/math/trunc.js
502 silly gunzTarPerm extractEntry fn/math/imul.js
503 silly gunzTarPerm extractEntry .eslintrc
504 silly gunzTarPerm extractEntry js/array.js
505 silly gunzTarPerm extractEntry js/index.js
506 silly gunzTarPerm extractEntry library/index.js
507 silly gunzTarPerm extractEntry library/shim.js
508 silly gunzTarPerm extractEntry library/core/$for.js
509 silly gunzTarPerm extractEntry library/core/date.js
510 silly gunzTarPerm extractEntry library/core/delay.js
511 silly gunzTarPerm extractEntry library/core/dict.js
512 silly gunzTarPerm extractEntry library/core/array.js
513 silly gunzTarPerm extractEntry library/core/global.js
514 silly gunzTarPerm extractEntry library/core/index.js
515 silly gunzTarPerm extractEntry library/core/log.js
516 silly gunzTarPerm extractEntry library/core/number.js
517 silly gunzTarPerm extractEntry library/core/object.js
518 silly gunzTarPerm extractEntry library/core/_.js
519 silly gunzTarPerm extractEntry library/core/string.js
520 silly gunzTarPerm extractEntry library/core/function.js
521 silly gunzTarPerm extractEntry library/es5/index.js
522 silly gunzTarPerm extractEntry library/es6/array.js
523 silly gunzTarPerm extractEntry library/es6/math.js
524 silly gunzTarPerm extractEntry library/es6/number.js
525 silly gunzTarPerm extractEntry library/es6/object.js
526 silly gunzTarPerm extractEntry library/es6/map.js
527 silly gunzTarPerm extractEntry library/es6/reflect.js
528 silly gunzTarPerm extractEntry library/es6/regexp.js
529 silly gunzTarPerm extractEntry library/es6/set.js
530 silly gunzTarPerm extractEntry library/es6/string.js
531 silly gunzTarPerm extractEntry library/es6/symbol.js
532 silly gunzTarPerm extractEntry library/es6/index.js
533 silly gunzTarPerm extractEntry library/es6/weak-map.js
534 silly gunzTarPerm extractEntry library/es6/function.js
535 silly gunzTarPerm extractEntry library/es6/weak-set.js
536 silly gunzTarPerm extractEntry library/es6/promise.js
537 silly gunzTarPerm extractEntry library/es7/array.js
538 silly gunzTarPerm extractEntry library/es7/index.js
539 silly gunzTarPerm extractEntry library/es7/object.js
540 silly gunzTarPerm extractEntry library/es7/regexp.js
541 silly gunzTarPerm extractEntry library/es7/set.js
542 silly gunzTarPerm extractEntry library/es7/string.js
543 silly gunzTarPerm extractEntry library/fn/$for.js
544 silly gunzTarPerm extractEntry library/fn/delay.js
545 silly gunzTarPerm extractEntry library/fn/dict.js
546 silly gunzTarPerm extractEntry library/fn/set-timeout.js
547 silly gunzTarPerm extractEntry library/fn/get-iterator.js
548 silly gunzTarPerm extractEntry library/fn/set.js
549 silly gunzTarPerm extractEntry library/fn/is-iterable.js
550 silly gunzTarPerm extractEntry library/fn/log.js
551 silly gunzTarPerm extractEntry library/fn/map.js
552 silly gunzTarPerm extractEntry library/fn/_.js
553 silly gunzTarPerm extractEntry library/fn/set-interval.js
554 silly gunzTarPerm extractEntry library/fn/clear-immediate.js
555 silly gunzTarPerm extractEntry library/fn/set-immediate.js
556 silly gunzTarPerm extractEntry library/fn/weak-map.js
557 silly gunzTarPerm extractEntry library/fn/promise.js
558 silly gunzTarPerm extractEntry library/fn/global.js
559 silly gunzTarPerm extractEntry library/fn/weak-set.js
560 silly gunzTarPerm extractEntry library/fn/reflect/apply.js
561 silly gunzTarPerm extractEntry library/fn/reflect/enumerate.js
562 silly gunzTarPerm extractEntry library/fn/reflect/get-own-property-descriptor.js
563 silly gunzTarPerm extractEntry library/fn/reflect/get-prototype-of.js
564 silly gunzTarPerm extractEntry library/fn/reflect/delete-property.js
565 silly gunzTarPerm extractEntry library/fn/reflect/has.js
566 silly gunzTarPerm extractEntry library/fn/reflect/index.js
567 silly gunzTarPerm extractEntry library/fn/reflect/is-extensible.js
568 silly gunzTarPerm extractEntry library/fn/reflect/own-keys.js
569 silly gunzTarPerm extractEntry library/fn/reflect/prevent-extensions.js
570 silly gunzTarPerm extractEntry library/fn/reflect/define-property.js
571 silly gunzTarPerm extractEntry library/fn/reflect/set-prototype-of.js
572 silly gunzTarPerm extractEntry library/fn/reflect/construct.js
573 silly gunzTarPerm extractEntry library/fn/reflect/set.js
574 silly gunzTarPerm extractEntry library/fn/reflect/get.js
575 silly gunzTarPerm extractEntry library/fn/regexp/escape.js
576 silly gunzTarPerm extractEntry library/fn/regexp/index.js
577 silly gunzTarPerm extractEntry library/fn/object/assign.js
578 silly gunzTarPerm extractEntry library/fn/object/get-own-property-names.js
579 silly gunzTarPerm extractEntry library/fn/object/get-own-property-symbols.js
580 silly gunzTarPerm extractEntry library/fn/object/get-prototype-of.js
581 silly gunzTarPerm extractEntry library/fn/object/index.js
582 silly gunzTarPerm extractEntry library/fn/object/get-own-property-descriptors.js
583 silly gunzTarPerm extractEntry library/fn/object/is-frozen.js
584 silly gunzTarPerm extractEntry library/fn/object/is-object.js
585 silly gunzTarPerm extractEntry library/fn/object/is-sealed.js
586 silly gunzTarPerm extractEntry library/fn/object/is.js
587 silly gunzTarPerm extractEntry library/fn/object/keys.js
588 silly gunzTarPerm extractEntry library/fn/object/get-own-property-descriptor.js
589 silly gunzTarPerm extractEntry library/fn/object/make.js
590 silly gunzTarPerm extractEntry library/fn/object/freeze.js
591 silly gunzTarPerm extractEntry library/fn/object/prevent-extensions.js
592 silly gunzTarPerm extractEntry library/fn/object/entries.js
593 silly gunzTarPerm extractEntry library/fn/object/seal.js
594 silly gunzTarPerm extractEntry library/fn/object/define.js
595 silly gunzTarPerm extractEntry library/fn/object/set-prototype-of.js
596 silly gunzTarPerm extractEntry library/fn/object/classof.js
597 silly gunzTarPerm extractEntry library/fn/object/values.js
598 silly gunzTarPerm extractEntry library/fn/object/is-extensible.js
599 silly gunzTarPerm extractEntry library/fn/number/epsilon.js
600 silly gunzTarPerm extractEntry library/fn/number/is-finite.js
601 silly gunzTarPerm extractEntry library/fn/number/is-integer.js
602 silly gunzTarPerm extractEntry library/fn/number/is-nan.js
603 silly gunzTarPerm extractEntry library/fn/number/index.js
604 silly gunzTarPerm extractEntry library/fn/number/max-safe-integer.js
605 silly gunzTarPerm extractEntry library/fn/number/min-safe-integer.js
606 silly gunzTarPerm extractEntry library/fn/number/parse-float.js
607 silly gunzTarPerm extractEntry library/fn/number/parse-int.js
608 silly gunzTarPerm extractEntry library/fn/number/random.js
609 silly gunzTarPerm extractEntry library/fn/number/is-safe-integer.js
610 silly gunzTarPerm extractEntry library/fn/function/index.js
611 silly gunzTarPerm extractEntry library/fn/function/only.js
612 silly gunzTarPerm extractEntry library/fn/function/part.js
613 silly gunzTarPerm extractEntry library/fn/date/add-locale.js
614 silly gunzTarPerm extractEntry library/fn/date/format-utc.js
615 silly gunzTarPerm extractEntry library/fn/date/format.js
616 silly gunzTarPerm extractEntry library/fn/date/index.js
617 silly gunzTarPerm extractEntry library/fn/string/at.js
618 silly gunzTarPerm extractEntry library/fn/string/ends-with.js
619 silly gunzTarPerm extractEntry library/fn/string/escape-html.js
620 silly gunzTarPerm extractEntry library/fn/string/from-code-point.js
621 silly gunzTarPerm extractEntry library/fn/string/code-point-at.js
622 silly gunzTarPerm extractEntry library/fn/string/index.js
623 silly gunzTarPerm extractEntry library/fn/string/raw.js
624 silly gunzTarPerm extractEntry library/fn/string/repeat.js
625 silly gunzTarPerm extractEntry library/fn/string/starts-with.js
626 silly gunzTarPerm extractEntry library/fn/string/unescape-html.js
627 silly gunzTarPerm extractEntry library/fn/string/includes.js
628 silly gunzTarPerm extractEntry library/fn/symbol/for.js
629 silly gunzTarPerm extractEntry library/fn/symbol/is-concat-spreadable.js
630 silly gunzTarPerm extractEntry library/fn/symbol/iterator.js
631 silly gunzTarPerm extractEntry library/fn/symbol/key-for.js
632 silly gunzTarPerm extractEntry library/fn/symbol/match.js
633 silly gunzTarPerm extractEntry library/fn/symbol/index.js
634 silly gunzTarPerm extractEntry library/fn/symbol/search.js
635 silly gunzTarPerm extractEntry library/fn/symbol/species.js
636 silly gunzTarPerm extractEntry library/fn/symbol/split.js
637 silly gunzTarPerm extractEntry library/fn/symbol/to-primitive.js
638 silly gunzTarPerm extractEntry library/fn/symbol/to-string-tag.js
639 silly gunzTarPerm extractEntry library/fn/symbol/has-instance.js
640 silly gunzTarPerm extractEntry library/fn/symbol/unscopables.js
641 silly gunzTarPerm extractEntry library/fn/symbol/replace.js
642 silly gunzTarPerm extractEntry library/fn/array/concat.js
643 silly gunzTarPerm extractEntry library/fn/array/index.js
644 silly gunzTarPerm extractEntry library/fn/array/join.js
645 silly gunzTarPerm extractEntry library/fn/array/keys.js
646 silly gunzTarPerm extractEntry library/fn/array/index-of.js
647 silly gunzTarPerm extractEntry library/fn/array/map.js
648 silly gunzTarPerm extractEntry library/fn/array/of.js
649 silly gunzTarPerm extractEntry library/fn/array/pop.js
650 silly gunzTarPerm extractEntry library/fn/array/push.js
651 silly gunzTarPerm extractEntry library/fn/array/reduce-right.js
652 silly gunzTarPerm extractEntry library/fn/array/includes.js
653 silly gunzTarPerm extractEntry library/fn/array/reduce.js
654 silly gunzTarPerm extractEntry library/fn/array/from.js
655 silly gunzTarPerm extractEntry library/fn/array/reverse.js
656 silly gunzTarPerm extractEntry library/fn/array/for-each.js
657 silly gunzTarPerm extractEntry library/fn/array/shift.js
658 silly gunzTarPerm extractEntry library/fn/array/find.js
659 silly gunzTarPerm extractEntry library/fn/array/slice.js
660 silly gunzTarPerm extractEntry library/fn/array/find-index.js
661 silly gunzTarPerm extractEntry library/fn/array/some.js
662 silly gunzTarPerm extractEntry library/fn/array/filter.js
663 silly gunzTarPerm extractEntry library/fn/array/sort.js
664 silly gunzTarPerm extractEntry library/fn/array/fill.js
665 silly gunzTarPerm extractEntry library/fn/array/splice.js
666 silly gunzTarPerm extractEntry library/fn/array/every.js
667 silly gunzTarPerm extractEntry library/fn/array/turn.js
668 silly gunzTarPerm extractEntry library/fn/array/entries.js
669 silly gunzTarPerm extractEntry library/fn/array/unshift.js
670 silly gunzTarPerm extractEntry library/fn/array/copy-within.js
671 silly gunzTarPerm extractEntry library/fn/array/values.js
672 silly gunzTarPerm extractEntry library/fn/array/last-index-of.js
673 silly gunzTarPerm extractEntry library/fn/math/acosh.js
674 silly gunzTarPerm extractEntry library/fn/math/cosh.js
675 silly gunzTarPerm extractEntry library/fn/math/expm1.js
676 silly gunzTarPerm extractEntry library/fn/math/fround.js
677 silly gunzTarPerm extractEntry library/fn/math/hypot.js
678 silly gunzTarPerm extractEntry library/fn/math/clz32.js
679 silly gunzTarPerm extractEntry library/fn/math/index.js
680 silly gunzTarPerm extractEntry library/fn/math/log10.js
681 silly gunzTarPerm extractEntry library/fn/math/log1p.js
682 silly gunzTarPerm extractEntry library/fn/math/log2.js
683 silly gunzTarPerm extractEntry library/fn/math/sign.js
684 silly gunzTarPerm extractEntry library/fn/math/cbrt.js
685 silly gunzTarPerm extractEntry library/fn/math/sinh.js
686 silly gunzTarPerm extractEntry library/fn/math/atanh.js
687 silly gunzTarPerm extractEntry library/fn/math/tanh.js
688 silly gunzTarPerm extractEntry library/fn/math/asinh.js
689 silly gunzTarPerm extractEntry library/fn/math/trunc.js
690 silly gunzTarPerm extractEntry library/fn/math/imul.js
691 silly gunzTarPerm extractEntry library/js/array.js
692 silly gunzTarPerm extractEntry library/js/index.js
693 silly gunzTarPerm extractEntry library/modules/$.array-includes.js
694 silly gunzTarPerm extractEntry library/modules/core.string.escape-html.js
695 silly gunzTarPerm extractEntry library/modules/es5.js
696 silly gunzTarPerm extractEntry library/modules/es6.array.copy-within.js
697 silly gunzTarPerm extractEntry library/modules/core.object.js
698 silly gunzTarPerm extractEntry library/modules/$.array-methods.js
699 silly gunzTarPerm extractEntry library/modules/es6.array.find.js
700 silly gunzTarPerm extractEntry library/modules/es6.array.from.js
701 silly gunzTarPerm extractEntry library/modules/es6.array.iterator.js
702 silly gunzTarPerm extractEntry library/modules/es6.array.of.js
703 silly gunzTarPerm extractEntry library/modules/core.number.math.js
704 silly gunzTarPerm extractEntry library/modules/es6.array.species.js
705 silly gunzTarPerm extractEntry library/modules/core.number.iterator.js
706 silly gunzTarPerm extractEntry library/modules/es6.function.name.js
707 silly gunzTarPerm extractEntry library/modules/core.log.js
708 silly gunzTarPerm extractEntry library/modules/es6.map.js
709 silly gunzTarPerm extractEntry library/modules/core.iter-helpers.js
710 silly gunzTarPerm extractEntry library/modules/es6.math.js
711 silly gunzTarPerm extractEntry library/modules/core.global.js
712 silly gunzTarPerm extractEntry library/modules/es6.number.constructor.js
713 silly gunzTarPerm extractEntry library/modules/core.dict.js
714 silly gunzTarPerm extractEntry library/modules/es6.number.statics.js
715 silly gunzTarPerm extractEntry library/modules/core.delay.js
716 silly gunzTarPerm extractEntry library/modules/es6.object.assign.js
717 silly gunzTarPerm extractEntry library/modules/core.date.js
718 silly gunzTarPerm extractEntry library/modules/es6.object.is.js
719 silly gunzTarPerm extractEntry library/modules/core.binding.js
720 silly gunzTarPerm extractEntry library/modules/es6.object.set-prototype-of.js
721 silly gunzTarPerm extractEntry library/modules/core.array.turn.js
722 silly gunzTarPerm extractEntry library/modules/es6.object.statics-accept-primitives.js
723 silly gunzTarPerm extractEntry library/modules/core.$for.js
724 silly gunzTarPerm extractEntry library/modules/es6.object.to-string.js
725 silly gunzTarPerm extractEntry library/modules/$.wks.js
726 silly gunzTarPerm extractEntry library/modules/es6.promise.js
727 silly gunzTarPerm extractEntry library/modules/$.unscope.js
728 silly gunzTarPerm extractEntry library/modules/es6.reflect.js
729 silly gunzTarPerm extractEntry library/modules/$.uid.js
730 silly gunzTarPerm extractEntry library/modules/es6.regexp.js
731 silly gunzTarPerm extractEntry library/modules/$.task.js
732 silly gunzTarPerm extractEntry library/modules/es6.set.js
733 silly gunzTarPerm extractEntry library/modules/$.string-at.js
734 silly gunzTarPerm extractEntry library/modules/es6.string.code-point-at.js
735 silly gunzTarPerm extractEntry library/modules/$.species.js
736 silly gunzTarPerm extractEntry library/modules/es6.string.ends-with.js
737 silly gunzTarPerm extractEntry library/modules/$.set-proto.js
738 silly gunzTarPerm extractEntry library/modules/es6.string.from-code-point.js
739 silly gunzTarPerm extractEntry library/modules/$.replacer.js
740 silly gunzTarPerm extractEntry library/modules/es6.string.includes.js
741 silly gunzTarPerm extractEntry library/modules/$.partial.js
742 silly gunzTarPerm extractEntry library/modules/es6.string.iterator.js
743 silly gunzTarPerm extractEntry library/modules/$.own-keys.js
744 silly gunzTarPerm extractEntry library/modules/es6.string.raw.js
745 silly gunzTarPerm extractEntry library/modules/$.keyof.js
746 silly gunzTarPerm extractEntry library/modules/es6.string.repeat.js
747 silly gunzTarPerm extractEntry library/modules/$.js
748 silly gunzTarPerm extractEntry library/modules/es6.string.starts-with.js
749 silly gunzTarPerm extractEntry library/modules/$.iter.js
750 silly gunzTarPerm extractEntry library/modules/es6.symbol.js
751 silly gunzTarPerm extractEntry library/modules/$.iter-detect.js
752 silly gunzTarPerm extractEntry library/modules/es6.weak-map.js
753 silly gunzTarPerm extractEntry library/modules/$.invoke.js
754 silly gunzTarPerm extractEntry library/modules/es6.weak-set.js
755 silly gunzTarPerm extractEntry library/modules/$.fw.js
756 silly gunzTarPerm extractEntry library/modules/es7.array.includes.js
757 silly gunzTarPerm extractEntry library/modules/$.def.js
758 silly gunzTarPerm extractEntry library/modules/es7.object.get-own-property-descriptors.js
759 silly gunzTarPerm extractEntry library/modules/$.ctx.js
760 silly gunzTarPerm extractEntry library/modules/es7.object.to-array.js
761 silly gunzTarPerm extractEntry library/modules/$.collection.js
762 silly gunzTarPerm extractEntry library/modules/es7.regexp.escape.js
763 silly gunzTarPerm extractEntry library/modules/$.collection-weak.js
764 silly gunzTarPerm extractEntry library/modules/es7.set.to-json.js
765 silly gunzTarPerm extractEntry library/modules/$.collection-strong.js
766 silly gunzTarPerm extractEntry library/modules/es7.string.at.js
767 silly gunzTarPerm extractEntry library/modules/$.cof.js
768 silly gunzTarPerm extractEntry library/modules/js.array.statics.js
769 silly gunzTarPerm extractEntry library/modules/$.assign.js
770 silly gunzTarPerm extractEntry library/modules/web.immediate.js
771 silly gunzTarPerm extractEntry library/modules/$.assert.js
772 silly gunzTarPerm extractEntry library/modules/web.dom.iterable.js
773 silly gunzTarPerm extractEntry library/modules/es6.array.fill.js
774 silly gunzTarPerm extractEntry library/modules/web.timers.js
775 silly gunzTarPerm extractEntry library/modules/es6.array.find-index.js
776 silly gunzTarPerm extractEntry library/modules/library/modules/$.def.js
777 silly gunzTarPerm extractEntry library/modules/library/modules/$.fw.js
778 silly gunzTarPerm extractEntry library/web/dom.js
779 silly gunzTarPerm extractEntry library/web/immediate.js
780 silly gunzTarPerm extractEntry library/web/index.js
781 silly gunzTarPerm extractEntry library/web/timers.js
782 silly gunzTarPerm extractEntry modules/$.array-includes.js
783 silly gunzTarPerm extractEntry modules/core.string.escape-html.js
784 silly gunzTarPerm extractEntry modules/es5.js
785 silly gunzTarPerm extractEntry modules/es6.array.copy-within.js
786 silly gunzTarPerm extractEntry modules/core.object.js
787 silly gunzTarPerm extractEntry modules/$.array-methods.js
788 silly gunzTarPerm extractEntry modules/es6.array.find.js
789 silly gunzTarPerm extractEntry modules/es6.array.from.js
790 silly gunzTarPerm extractEntry modules/es6.array.iterator.js
791 silly gunzTarPerm extractEntry modules/es6.array.of.js
792 silly gunzTarPerm extractEntry modules/core.number.math.js
793 silly gunzTarPerm extractEntry modules/es6.array.species.js
794 silly gunzTarPerm extractEntry modules/core.number.iterator.js
795 silly gunzTarPerm extractEntry modules/es6.function.name.js
796 silly gunzTarPerm extractEntry modules/core.log.js
797 silly gunzTarPerm extractEntry modules/es6.map.js
798 silly gunzTarPerm extractEntry modules/core.iter-helpers.js
799 silly gunzTarPerm extractEntry modules/es6.math.js
800 silly gunzTarPerm extractEntry modules/core.global.js
801 silly gunzTarPerm extractEntry modules/es6.number.constructor.js
802 silly gunzTarPerm extractEntry modules/core.dict.js
803 silly gunzTarPerm extractEntry modules/es6.number.statics.js
804 silly gunzTarPerm extractEntry modules/core.delay.js
805 silly gunzTarPerm extractEntry modules/es6.object.assign.js
806 silly gunzTarPerm extractEntry modules/core.date.js
807 silly gunzTarPerm extractEntry modules/es6.object.is.js
808 silly gunzTarPerm extractEntry modules/core.binding.js
809 silly gunzTarPerm extractEntry modules/es6.object.set-prototype-of.js
810 silly gunzTarPerm extractEntry modules/core.array.turn.js
811 silly gunzTarPerm extractEntry modules/es6.object.statics-accept-primitives.js
812 silly gunzTarPerm extractEntry modules/core.$for.js
813 silly gunzTarPerm extractEntry modules/es6.object.to-string.js
814 silly gunzTarPerm extractEntry modules/$.wks.js
815 silly gunzTarPerm extractEntry modules/es6.promise.js
816 silly gunzTarPerm extractEntry modules/$.unscope.js
817 silly gunzTarPerm extractEntry modules/es6.reflect.js
818 silly gunzTarPerm extractEntry modules/$.uid.js
819 silly gunzTarPerm extractEntry modules/es6.regexp.js
820 silly gunzTarPerm extractEntry modules/$.task.js
821 silly gunzTarPerm extractEntry modules/es6.set.js
822 silly gunzTarPerm extractEntry modules/$.string-at.js
823 silly gunzTarPerm extractEntry modules/es6.string.code-point-at.js
824 silly gunzTarPerm extractEntry modules/$.species.js
825 silly gunzTarPerm extractEntry modules/es6.string.ends-with.js
826 silly gunzTarPerm extractEntry modules/$.set-proto.js
827 silly gunzTarPerm extractEntry modules/es6.string.from-code-point.js
828 silly gunzTarPerm extractEntry modules/$.replacer.js
829 silly gunzTarPerm extractEntry modules/es6.string.includes.js
830 silly gunzTarPerm extractEntry modules/$.partial.js
831 silly gunzTarPerm extractEntry modules/es6.string.iterator.js
832 silly gunzTarPerm extractEntry modules/$.own-keys.js
833 silly gunzTarPerm extractEntry modules/es6.string.raw.js
834 silly gunzTarPerm extractEntry modules/$.keyof.js
835 silly gunzTarPerm extractEntry modules/es6.string.repeat.js
836 silly gunzTarPerm extractEntry modules/$.js
837 silly gunzTarPerm extractEntry modules/es6.string.starts-with.js
838 silly gunzTarPerm extractEntry modules/$.iter.js
839 silly gunzTarPerm extractEntry modules/es6.symbol.js
840 silly gunzTarPerm extractEntry modules/$.iter-detect.js
841 silly gunzTarPerm extractEntry modules/es6.weak-map.js
842 silly gunzTarPerm extractEntry modules/$.invoke.js
843 silly gunzTarPerm extractEntry modules/es6.weak-set.js
844 silly gunzTarPerm extractEntry modules/$.fw.js
845 silly gunzTarPerm extractEntry modules/es7.array.includes.js
846 silly gunzTarPerm extractEntry modules/$.def.js
847 silly gunzTarPerm extractEntry modules/es7.object.get-own-property-descriptors.js
848 silly gunzTarPerm extractEntry modules/$.ctx.js
849 silly gunzTarPerm extractEntry modules/es7.object.to-array.js
850 silly gunzTarPerm extractEntry modules/$.collection.js
851 silly gunzTarPerm extractEntry modules/es7.regexp.escape.js
852 silly gunzTarPerm extractEntry modules/$.collection-weak.js
853 silly gunzTarPerm extractEntry modules/es7.set.to-json.js
854 silly gunzTarPerm extractEntry modules/$.collection-strong.js
855 silly gunzTarPerm extractEntry modules/es7.string.at.js
856 silly gunzTarPerm extractEntry modules/$.cof.js
857 silly gunzTarPerm extractEntry modules/js.array.statics.js
858 silly gunzTarPerm extractEntry modules/$.assign.js
859 silly gunzTarPerm extractEntry modules/web.immediate.js
860 silly gunzTarPerm extractEntry modules/$.assert.js
861 silly gunzTarPerm extractEntry modules/web.dom.iterable.js
862 silly gunzTarPerm extractEntry modules/es6.array.fill.js
863 silly gunzTarPerm extractEntry modules/web.timers.js
864 silly gunzTarPerm extractEntry modules/es6.array.find-index.js
865 silly gunzTarPerm extractEntry modules/library/modules/$.def.js
866 silly gunzTarPerm extractEntry modules/library/modules/$.fw.js
867 silly gunzTarPerm extractEntry .gitattributes
868 silly gunzTarPerm extractEntry bower.json
869 silly gunzTarPerm extractEntry web/dom.js
870 silly gunzTarPerm extractEntry web/immediate.js
871 silly gunzTarPerm extractEntry web/index.js
872 silly gunzTarPerm extractEntry web/timers.js
873 verbose write writing to c:\Users\Terrell\projects\twitch-viewer\node_modules\babel-es6-polyfill\node_modules\core-js\package.json
874 info preinstall core-js@0.8.4
875 verbose readDependencies loading dependencies from c:\Users\Terrell\projects\twitch-viewer\node_modules\babel-es6-polyfill\node_modules\core-js\package.json
876 verbose readDependencies loading dependencies from c:\Users\Terrell\projects\twitch-viewer\node_modules\babel-es6-polyfill\node_modules\core-js\package.json
877 silly install resolved []
878 verbose about to build c:\Users\Terrell\projects\twitch-viewer\node_modules\babel-es6-polyfill\node_modules\core-js
879 info build c:\Users\Terrell\projects\twitch-viewer\node_modules\babel-es6-polyfill\node_modules\core-js
880 info linkStuff core-js@0.8.4
881 silly linkStuff core-js@0.8.4 has c:\Users\Terrell\projects\twitch-viewer\node_modules\babel-es6-polyfill\node_modules as its parent node_modules
882 verbose linkBins core-js@0.8.4
883 verbose linkMans core-js@0.8.4
884 verbose rebuildBundles core-js@0.8.4
885 info install core-js@0.8.4
886 info postinstall core-js@0.8.4
887 verbose unlock done using C:\Users\Terrell\AppData\Roaming\npm-cache\_locks\core-js-5ccac95c5c905694.lock for c:\Users\Terrell\projects\twitch-viewer\node_modules\babel-es6-polyfill\node_modules\core-js
888 http 304 https://registry.npmjs.org/private
889 silly get cb [ 304,
889 silly get   { date: 'Thu, 10 Sep 2015 18:44:36 GMT',
889 silly get     via: '1.1 varnish',
889 silly get     'cache-control': 'max-age=60',
889 silly get     etag: '"CYCL3LS37GT66Q0X11ELDMVPR"',
889 silly get     age: '45',
889 silly get     connection: 'keep-alive',
889 silly get     'x-served-by': 'cache-sjc3123-SJC',
889 silly get     'x-cache': 'HIT',
889 silly get     'x-cache-hits': '48',
889 silly get     'x-timer': 'S1441910676.140057,VS0,VE0',
889 silly get     vary: 'Accept' } ]
890 verbose etag https://registry.npmjs.org/private from cache
891 verbose get saving private to C:\Users\Terrell\AppData\Roaming\npm-cache\registry.npmjs.org\private\.cache.json
892 http 304 https://registry.npmjs.org/commoner
893 silly get cb [ 304,
893 silly get   { date: 'Thu, 10 Sep 2015 18:44:36 GMT',
893 silly get     via: '1.1 varnish',
893 silly get     'cache-control': 'max-age=60',
893 silly get     etag: '"23UZBM49BXYX5G16UKMY8J1I3"',
893 silly get     age: '59',
893 silly get     connection: 'keep-alive',
893 silly get     'x-served-by': 'cache-sjc3135-SJC',
893 silly get     'x-cache': 'HIT',
893 silly get     'x-cache-hits': '1',
893 silly get     'x-timer': 'S1441910676.139515,VS0,VE0',
893 silly get     vary: 'Accept' } ]
894 verbose etag https://registry.npmjs.org/commoner from cache
895 verbose get saving commoner to C:\Users\Terrell\AppData\Roaming\npm-cache\registry.npmjs.org\commoner\.cache.json
896 http 304 https://registry.npmjs.org/ast-types
897 silly get cb [ 304,
897 silly get   { date: 'Thu, 10 Sep 2015 18:44:36 GMT',
897 silly get     via: '1.1 varnish',
897 silly get     'cache-control': 'max-age=60',
897 silly get     etag: '"E90IIIEIM541C2E172KE6LP9H"',
897 silly get     age: '58',
897 silly get     connection: 'keep-alive',
897 silly get     'x-served-by': 'cache-sjc3129-SJC',
897 silly get     'x-cache': 'HIT',
897 silly get     'x-cache-hits': '1',
897 silly get     'x-timer': 'S1441910676.139720,VS0,VE1',
897 silly get     vary: 'Accept' } ]
898 verbose etag https://registry.npmjs.org/ast-types from cache
899 verbose get saving ast-types to C:\Users\Terrell\AppData\Roaming\npm-cache\registry.npmjs.org\ast-types\.cache.json
900 http 304 https://registry.npmjs.org/through
901 silly get cb [ 304,
901 silly get   { date: 'Thu, 10 Sep 2015 18:44:36 GMT',
901 silly get     via: '1.1 varnish',
901 silly get     'cache-control': 'max-age=60',
901 silly get     etag: '"3OQAPM245BT6G1TW55EK7N7LX"',
901 silly get     age: '51',
901 silly get     connection: 'keep-alive',
901 silly get     'x-served-by': 'cache-sjc3130-SJC',
901 silly get     'x-cache': 'HIT',
901 silly get     'x-cache-hits': '7',
901 silly get     'x-timer': 'S1441910676.142949,VS0,VE0',
901 silly get     vary: 'Accept' } ]
902 verbose etag https://registry.npmjs.org/through from cache
903 verbose get saving through to C:\Users\Terrell\AppData\Roaming\npm-cache\registry.npmjs.org\through\.cache.json
904 silly addNameRange number 2 { name: 'ast-types', range: '>=0.7.0 <0.8.0', hasData: true }
905 silly addNameRange versions [ 'ast-types',
905 silly addNameRange   [ '0.1.1',
905 silly addNameRange     '0.1.2',
905 silly addNameRange     '0.1.3',
905 silly addNameRange     '0.1.4',
905 silly addNameRange     '0.2.0',
905 silly addNameRange     '0.2.2',
905 silly addNameRange     '0.2.3',
905 silly addNameRange     '0.2.4',
905 silly addNameRange     '0.2.6',
905 silly addNameRange     '0.2.7',
905 silly addNameRange     '0.2.8',
905 silly addNameRange     '0.2.9',
905 silly addNameRange     '0.2.10',
905 silly addNameRange     '0.2.11',
905 silly addNameRange     '0.2.12',
905 silly addNameRange     '0.2.13',
905 silly addNameRange     '0.2.14',
905 silly addNameRange     '0.2.15',
905 silly addNameRange     '0.2.16',
905 silly addNameRange     '0.2.17',
905 silly addNameRange     '0.2.18',
905 silly addNameRange     '0.2.19',
905 silly addNameRange     '0.2.20',
905 silly addNameRange     '0.2.21',
905 silly addNameRange     '0.2.22',
905 silly addNameRange     '0.2.23',
905 silly addNameRange     '0.2.24',
905 silly addNameRange     '0.2.25',
905 silly addNameRange     '0.3.0',
905 silly addNameRange     '0.3.1',
905 silly addNameRange     '0.3.2',
905 silly addNameRange     '0.3.3',
905 silly addNameRange     '0.3.4',
905 silly addNameRange     '0.3.5',
905 silly addNameRange     '0.3.7',
905 silly addNameRange     '0.3.8',
905 silly addNameRange     '0.3.9',
905 silly addNameRange     '0.3.10',
905 silly addNameRange     '0.3.11',
905 silly addNameRange     '0.3.12',
905 silly addNameRange     '0.3.13',
905 silly addNameRange     '0.3.14',
905 silly addNameRange     '0.3.15',
905 silly addNameRange     '0.3.16',
905 silly addNameRange     '0.3.17',
905 silly addNameRange     '0.3.18',
905 silly addNameRange     '0.3.20',
905 silly addNameRange     '0.3.21',
905 silly addNameRange     '0.3.22',
905 silly addNameRange     '0.3.23',
905 silly addNameRange     '0.3.24',
905 silly addNameRange     '0.3.25',
905 silly addNameRange     '0.3.26',
905 silly addNameRange     '0.3.27',
905 silly addNameRange     '0.3.28',
905 silly addNameRange     '0.3.29',
905 silly addNameRange     '0.3.30',
905 silly addNameRange     '0.3.31',
905 silly addNameRange     '0.3.32',
905 silly addNameRange     '0.3.33',
905 silly addNameRange     '0.3.34',
905 silly addNameRange     '0.3.35',
905 silly addNameRange     '0.3.36',
905 silly addNameRange     '0.3.37',
905 silly addNameRange     '0.3.38',
905 silly addNameRange     '0.4.0',
905 silly addNameRange     '0.4.1',
905 silly addNameRange     '0.4.2',
905 silly addNameRange     '0.4.3',
905 silly addNameRange     '0.4.4',
905 silly addNameRange     '0.4.5',
905 silly addNameRange     '0.4.7',
905 silly addNameRange     '0.4.8',
905 silly addNameRange     '0.4.9',
905 silly addNameRange     '0.4.10',
905 silly addNameRange     '0.4.11',
905 silly addNameRange     '0.4.12',
905 silly addNameRange     '0.4.13',
905 silly addNameRange     '0.5.0',
905 silly addNameRange     '0.5.2',
905 silly addNameRange     '0.5.3',
905 silly addNameRange     '0.5.4',
905 silly addNameRange     '0.5.5',
905 silly addNameRange     '0.5.6',
905 silly addNameRange     '0.5.7',
905 silly addNameRange     '0.6.0',
905 silly addNameRange     '0.6.1',
905 silly addNameRange     '0.6.2',
905 silly addNameRange     '0.6.3',
905 silly addNameRange     '0.6.4',
905 silly addNameRange     '0.6.5',
905 silly addNameRange     '0.6.6',
905 silly addNameRange     '0.6.7',
905 silly addNameRange     '0.6.8',
905 silly addNameRange     '0.6.9',
905 silly addNameRange     '0.6.10',
905 silly addNameRange     '0.6.11',
905 silly addNameRange     '0.6.12',
905 silly addNameRange     '0.6.13',
905 silly addNameRange     '0.6.14',
905 silly addNameRange     '0.6.15',
905 silly addNameRange     '0.6.16',
905 silly addNameRange     '0.7.0',
905 silly addNameRange     '0.7.1',
905 silly addNameRange     '0.7.2',
905 silly addNameRange     '0.7.3',
905 silly addNameRange     '0.7.4',
905 silly addNameRange     '0.7.5',
905 silly addNameRange     '0.7.6',
905 silly addNameRange     '0.7.7',
905 silly addNameRange     '0.7.8',
905 silly addNameRange     '0.8.2',
905 silly addNameRange     '0.8.3',
905 silly addNameRange     '0.8.4',
905 silly addNameRange     '0.8.5',
905 silly addNameRange     '0.8.6',
905 silly addNameRange     '0.8.7',
905 silly addNameRange     '0.8.8',
905 silly addNameRange     '0.8.9',
905 silly addNameRange     '0.8.10',
905 silly addNameRange     '0.8.11' ] ]
906 silly addNamed ast-types@0.7.8
907 verbose addNamed "0.7.8" is a plain semver version for ast-types
908 silly addNameRange number 2 { name: 'commoner', range: '>=0.10.0 <0.11.0', hasData: true }
909 silly addNameRange versions [ 'commoner',
909 silly addNameRange   [ '0.5.1',
909 silly addNameRange     '0.5.2',
909 silly addNameRange     '0.5.3',
909 silly addNameRange     '0.5.4',
909 silly addNameRange     '0.5.5',
909 silly addNameRange     '0.5.6',
909 silly addNameRange     '0.5.7',
909 silly addNameRange     '0.5.8',
909 silly addNameRange     '0.5.9',
909 silly addNameRange     '0.6.0',
909 silly addNameRange     '0.6.1',
909 silly addNameRange     '0.6.3',
909 silly addNameRange     '0.6.4',
909 silly addNameRange     '0.6.5',
909 silly addNameRange     '0.6.6',
909 silly addNameRange     '0.6.7',
909 silly addNameRange     '0.6.8',
909 silly addNameRange     '0.6.9',
909 silly addNameRange     '0.6.10',
909 silly addNameRange     '0.6.11',
909 silly addNameRange     '0.6.12',
909 silly addNameRange     '0.7.0',
909 silly addNameRange     '0.7.1',
909 silly addNameRange     '0.8.0',
909 silly addNameRange     '0.8.1',
909 silly addNameRange     '0.8.2',
909 silly addNameRange     '0.8.3',
909 silly addNameRange     '0.8.4',
909 silly addNameRange     '0.8.5',
909 silly addNameRange     '0.8.6',
909 silly addNameRange     '0.8.7',
909 silly addNameRange     '0.8.8',
909 silly addNameRange     '0.8.9',
909 silly addNameRange     '0.8.11',
909 silly addNameRange     '0.8.12',
909 silly addNameRange     '0.8.13',
909 silly addNameRange     '0.8.14',
909 silly addNameRange     '0.8.15',
909 silly addNameRange     '0.9.0',
909 silly addNameRange     '0.9.1',
909 silly addNameRange     '0.9.2',
909 silly addNameRange     '0.9.3',
909 silly addNameRange     '0.9.4',
909 silly addNameRange     '0.9.5',
909 silly addNameRange     '0.9.6',
909 silly addNameRange     '0.9.7',
909 silly addNameRange     '0.9.8',
909 silly addNameRange     '0.10.0',
909 silly addNameRange     '0.10.1',
909 silly addNameRange     '0.10.3' ] ]
910 silly addNamed commoner@0.10.3
911 verbose addNamed "0.10.3" is a plain semver version for commoner
912 silly mapToRegistry name ast-types
913 silly mapToRegistry using default registry
914 silly mapToRegistry registry https://registry.npmjs.org/
915 silly mapToRegistry uri https://registry.npmjs.org/ast-types
916 verbose addRemoteTarball https://registry.npmjs.org/ast-types/-/ast-types-0.7.8.tgz not in flight; adding
917 verbose addRemoteTarball [ 'https://registry.npmjs.org/ast-types/-/ast-types-0.7.8.tgz',
917 verbose addRemoteTarball   '902d2e0d60d071bdcd46dc115e1809ed11c138a9' ]
918 silly addNameRange number 2 { name: 'through', range: '>=2.3.6 <2.4.0', hasData: true }
919 silly addNameRange versions [ 'through',
919 silly addNameRange   [ '0.0.1',
919 silly addNameRange     '0.0.2',
919 silly addNameRange     '0.0.3',
919 silly addNameRange     '0.0.4',
919 silly addNameRange     '0.1.0',
919 silly addNameRange     '0.1.1',
919 silly addNameRange     '0.1.2',
919 silly addNameRange     '0.1.3',
919 silly addNameRange     '0.1.4',
919 silly addNameRange     '1.0.0',
919 silly addNameRange     '1.1.0',
919 silly addNameRange     '1.1.1',
919 silly addNameRange     '1.1.2',
919 silly addNameRange     '2.0.0',
919 silly addNameRange     '2.1.0',
919 silly addNameRange     '2.2.0',
919 silly addNameRange     '2.2.1',
919 silly addNameRange     '2.2.2',
919 silly addNameRange     '2.2.4',
919 silly addNameRange     '2.2.5',
919 silly addNameRange     '2.2.6',
919 silly addNameRange     '2.2.7',
919 silly addNameRange     '2.3.1',
919 silly addNameRange     '2.3.2',
919 silly addNameRange     '2.3.3',
919 silly addNameRange     '2.3.4',
919 silly addNameRange     '2.3.6',
919 silly addNameRange     '2.3.7',
919 silly addNameRange     '2.3.8' ] ]
920 silly addNamed through@2.3.8
921 verbose addNamed "2.3.8" is a plain semver version for through
922 silly addNameRange number 2 { name: 'private', range: '>=0.1.5 <0.2.0', hasData: true }
923 silly addNameRange versions [ 'private',
923 silly addNameRange   [ '0.0.1',
923 silly addNameRange     '0.0.2',
923 silly addNameRange     '0.0.3',
923 silly addNameRange     '0.0.4',
923 silly addNameRange     '0.0.5',
923 silly addNameRange     '0.1.0',
923 silly addNameRange     '0.1.1',
923 silly addNameRange     '0.1.2',
923 silly addNameRange     '0.1.3',
923 silly addNameRange     '0.1.4',
923 silly addNameRange     '0.1.5',
923 silly addNameRange     '0.1.6' ] ]
924 silly addNamed private@0.1.6
925 verbose addNamed "0.1.6" is a plain semver version for private
926 info retry fetch attempt 1 at 11:44:40 AM
927 info attempt registry request try #1 at 11:44:40 AM
928 http fetch GET https://registry.npmjs.org/ast-types/-/ast-types-0.7.8.tgz
929 silly cache afterAdd private@0.1.6
930 verbose afterAdd C:\Users\Terrell\AppData\Roaming\npm-cache\private\0.1.6\package\package.json not in flight; writing
931 silly cache afterAdd commoner@0.10.3
932 verbose afterAdd C:\Users\Terrell\AppData\Roaming\npm-cache\commoner\0.10.3\package\package.json not in flight; writing
933 silly cache afterAdd through@2.3.8
934 verbose afterAdd C:\Users\Terrell\AppData\Roaming\npm-cache\through\2.3.8\package\package.json not in flight; writing
935 verbose afterAdd C:\Users\Terrell\AppData\Roaming\npm-cache\through\2.3.8\package\package.json written
936 verbose afterAdd C:\Users\Terrell\AppData\Roaming\npm-cache\private\0.1.6\package\package.json written
937 verbose afterAdd C:\Users\Terrell\AppData\Roaming\npm-cache\commoner\0.10.3\package\package.json written
938 verbose stack Error: read ECONNRESET
938 verbose stack     at exports._errnoException (util.js:746:11)
938 verbose stack     at TCP.onread (net.js:559:26)
939 verbose cwd c:\Users\Terrell\projects\twitch-viewer
940 error Windows_NT 6.3.9600
941 error argv "c:\\Program Files\\nodejs\\node.exe" "c:\\Program Files\\nodejs\\node_modules\\npm\\bin\\npm-cli.js" "install" "babel-es6-polyfill" "--save"
942 error node v0.12.5
943 error npm  v2.11.2
944 error code ECONNRESET
945 error errno ECONNRESET
946 error syscall read
947 error network read ECONNRESET
947 error network This is most likely not a problem with npm itself
947 error network and is related to network connectivity.
947 error network In most cases you are behind a proxy or have bad network settings.
947 error network
947 error network If you are behind a proxy, please make sure that the
947 error network 'proxy' config is set properly.  See: 'npm help config'
948 verbose exit [ 1, true ]
